<?xml version="1.0" encoding="UTF-8" standalone="no"?><testsuite errors="1" failures="0" name="Agregar un producto al carrito en amazon" skipped="0" tests="1" time="0.12" timestamp="2023-11-11 05:28:54"><testcase name="Buscar el nombre de cualquier producto en el buscador de amazon"><error message="Unsupported driver type: amazon" type="java.lang.IllegalArgumentException">Unsupported driver type: amazon</error><system-err>Unsupported driver type: amazon&#13;
net.thucydides.core.webdriver.SupportedWebDriver.valueOrSynonymOf(SupportedWebDriver.java:109)&#13;
net.thucydides.core.webdriver.SupportedWebDriver.getDriverTypeFor(SupportedWebDriver.java:160)&#13;
net.thucydides.core.configuration.WebDriverConfiguration.lookupSupportedDriverTypeFor(WebDriverConfiguration.java:50)&#13;
net.thucydides.core.configuration.WebDriverConfiguration.getDriverType(WebDriverConfiguration.java:34)&#13;
net.thucydides.core.webdriver.SerenityWebdriverManager.getDefaultDriverType(SerenityWebdriverManager.java:187)&#13;
net.thucydides.core.webdriver.SerenityWebdriverManager.getWebdriver(SerenityWebdriverManager.java:122)&#13;
net.thucydides.core.webdriver.ThucydidesWebDriverSupport.getDriver(ThucydidesWebDriverSupport.java:146)&#13;
net.thucydides.core.webdriver.ThucydidesWebDriverSupport.initialize(ThucydidesWebDriverSupport.java:53)&#13;
io.cucumber.java.AbstractGlueDefinition.invokeMethod(AbstractGlueDefinition.java:47)&#13;
io.cucumber.java.JavaHookDefinition.execute(JavaHookDefinition.java:64)&#13;
io.cucumber.core.runner.CoreHookDefinition.execute(CoreHookDefinition.java:46)&#13;
io.cucumber.core.runner.HookDefinitionMatch.runStep(HookDefinitionMatch.java:21)&#13;
io.cucumber.core.runner.TestStep.executeStep(TestStep.java:84)&#13;
io.cucumber.core.runner.TestStep.run(TestStep.java:56)&#13;
io.cucumber.core.runner.TestCase.run(TestCase.java:78)&#13;
io.cucumber.core.runner.Runner.runPickle(Runner.java:75)&#13;
io.cucumber.core.runtime.CucumberExecutionContext.lambda$runTestCase$5(CucumberExecutionContext.java:137)&#13;
io.cucumber.core.runtime.RethrowingThrowableCollector.executeAndThrow(RethrowingThrowableCollector.java:23)&#13;
io.cucumber.core.runtime.CucumberExecutionContext.runTestCase(CucumberExecutionContext.java:137)&#13;
io.cucumber.junit.FeatureRunner.runChild(FeatureRunner.java:144)&#13;
io.cucumber.junit.FeatureRunner.runChild(FeatureRunner.java:28)&#13;
io.cucumber.junit.FeatureRunner.run(FeatureRunner.java:137)&#13;
io.cucumber.junit.CucumberSerenityBaseRunner.runChild(CucumberSerenityBaseRunner.java:332)&#13;
io.cucumber.junit.CucumberSerenityBaseRunner.runChild(CucumberSerenityBaseRunner.java:53)&#13;
</system-err></testcase></testsuite>